Using TestGridDialect class org.hibernate.ogm.test.utils.BlueprintsTestHelper
INDEX v[1]: _table = CommunityMember
INDEX v[1]: name = Davide
INDEX v[2]: _table = Employee
INDEX v[2]: name = Alex
INDEX v[1]: _table = Hero
INDEX v[1]: name = Spartacus
INDEX v[2]: _table = Hero
INDEX v[2]: name = Batman
INDEX v[1]: _table = Hero
INDEX v[1]: name = Spartacus
INDEX v[2]: _table = Hero
INDEX v[2]: name = Batman
INDEX v[3]: _table = HeroClub
INDEX v[3]: name = My hero club
INDEX e[0][3-HeroClub:members->4]: _relationship_type = HeroClub:members
INDEX e[0][3-HeroClub:members->4]: HeroClub_name = My hero club
INDEX e[0][3-HeroClub:members->4]: members_ORDER = 0
INDEX e[1][3-HeroClub:members->5]: _relationship_type = HeroClub:members
INDEX e[1][3-HeroClub:members->5]: HeroClub_name = My hero club
INDEX e[1][3-HeroClub:members->5]: members_ORDER = 1
INDEX v[1]: _table = Address
INDEX v[1]: id = 1
INDEX e[0][1-Address:authors->2]: _relationship_type = Address:authors
INDEX e[0][1-Address:authors->2]: address_id = 1
INDEX e[0][1-Address:authors->2]: ogm_id = 1
INDEX v[3]: _table = Author
INDEX v[3]: id = 1
INDEX e[1][1-Address:authors->4]: _relationship_type = Address:authors
INDEX e[1][1-Address:authors->4]: address_id = 1
INDEX e[1][1-Address:authors->4]: ogm_id = 2
INDEX v[5]: _table = Author
INDEX v[5]: id = 2
INDEX e[2][1-Address:authors->6]: _relationship_type = Address:authors
INDEX e[2][1-Address:authors->6]: address_id = 1
INDEX e[2][1-Address:authors->6]: ogm_id = 3
INDEX v[7]: _table = Author
INDEX v[7]: id = 3
INDEX v[8]: _table = Hypothesis
INDEX v[8]: id = 13
INDEX e[3][5-Author:hypotheses->9]: _relationship_type = Author:hypotheses
INDEX e[3][5-Author:hypotheses->9]: author_id = 2
INDEX e[3][5-Author:hypotheses->9]: ogm_id = 14
INDEX v[10]: _table = Hypothesis
INDEX v[10]: id = 14
INDEX v[11]: _table = Hypothesis
INDEX v[11]: id = 15
INDEX e[4][3-Author:hypotheses->12]: _relationship_type = Author:hypotheses
INDEX e[4][3-Author:hypotheses->12]: author_id = 1
INDEX e[4][3-Author:hypotheses->12]: ogm_id = 16
INDEX v[13]: _table = Hypothesis
INDEX v[13]: id = 16
INDEX v[14]: _table = Hypothesis
INDEX v[14]: id = 17
INDEX v[15]: _table = Hypothesis
INDEX v[15]: id = 18
INDEX e[5][7-Author:hypotheses->16]: _relationship_type = Author:hypotheses
INDEX e[5][7-Author:hypotheses->16]: author_id = 3
INDEX e[5][7-Author:hypotheses->16]: ogm_id = 19
INDEX v[17]: _table = Hypothesis
INDEX v[17]: id = 19
INDEX v[18]: _table = Helicopter
INDEX v[18]: UUID = cf44d966-4537-4855-8a97-560ea8a1082a
INDEX v[19]: _table = Helicopter
INDEX v[19]: UUID = db8d85be-044f-4cb2-80b9-adf077ac26a1
INDEX v[20]: _table = Helicopter
INDEX v[20]: UUID = d4695314-804d-4371-9b8b-ac7546b8a76e
INDEX v[21]: _table = Hypothesis
INDEX v[21]: id = 20
INDEX v[1]: _table = Address
INDEX v[1]: id = b61a5004-d0ab-4dfd-a13c-ce824ef9914f
INDEX v[2]: _table = Address
INDEX v[2]: id = 866c7802-6f8f-4036-9b4f-5e86fed19b35
INDEX v[3]: _table = User
INDEX v[3]: id = 290f70ab-6231-4869-b737-b6fc2db53cc6
INDEX v[4]: _table = User
INDEX v[4]: id = 1e87f65f-a6d7-4949-8ea5-8493bd2e603c
INDEX e[0][3-User:addresses->5]: _relationship_type = User:addresses
INDEX e[0][3-User:addresses->5]: nick = home
INDEX e[0][3-User:addresses->5]: User_id = 290f70ab-6231-4869-b737-b6fc2db53cc6
INDEX e[1][3-User:addresses->6]: _relationship_type = User:addresses
INDEX e[1][3-User:addresses->6]: nick = work
INDEX e[1][3-User:addresses->6]: User_id = 290f70ab-6231-4869-b737-b6fc2db53cc6
INDEX e[2][3-User:nicknames->7]: _relationship_type = User:nicknames
INDEX e[2][3-User:nicknames->7]: nicknames = idrA
INDEX e[2][3-User:nicknames->7]: user_id = 290f70ab-6231-4869-b737-b6fc2db53cc6
INDEX e[3][3-User:nicknames->8]: _relationship_type = User:nicknames
INDEX e[3][3-User:nicknames->8]: nicknames = day[9]
INDEX e[3][3-User:nicknames->8]: user_id = 290f70ab-6231-4869-b737-b6fc2db53cc6
INDEX e[4][4-User:nicknames->9]: _relationship_type = User:nicknames
INDEX e[4][4-User:nicknames->9]: nicknames = day[9]
INDEX e[4][4-User:nicknames->9]: user_id = 1e87f65f-a6d7-4949-8ea5-8493bd2e603c
INDEX e[5][4-User:nicknames->10]: _relationship_type = User:nicknames
INDEX e[5][4-User:nicknames->10]: nicknames = idrA
INDEX e[5][4-User:nicknames->10]: user_id = 1e87f65f-a6d7-4949-8ea5-8493bd2e603c
REMOVE e[2][3-User:nicknames->7]: _relationship_type = User:nicknames
REMOVE e[2][3-User:nicknames->7]: nicknames = idrA
REMOVE e[2][3-User:nicknames->7]: user_id = 290f70ab-6231-4869-b737-b6fc2db53cc6
REMOVE e[0][3-User:addresses->5]: _relationship_type = User:addresses
REMOVE e[0][3-User:addresses->5]: nick = home
REMOVE e[0][3-User:addresses->5]: User_id = 290f70ab-6231-4869-b737-b6fc2db53cc6
REMOVE e[1][3-User:addresses->6]: _relationship_type = User:addresses
REMOVE e[1][3-User:addresses->6]: nick = work
REMOVE e[1][3-User:addresses->6]: User_id = 290f70ab-6231-4869-b737-b6fc2db53cc6
REMOVE e[3][3-User:nicknames->8]: _relationship_type = User:nicknames
REMOVE e[3][3-User:nicknames->8]: nicknames = day[9]
REMOVE e[3][3-User:nicknames->8]: user_id = 290f70ab-6231-4869-b737-b6fc2db53cc6
REMOVE e[4][4-User:nicknames->9]: _relationship_type = User:nicknames
REMOVE e[4][4-User:nicknames->9]: nicknames = day[9]
REMOVE e[4][4-User:nicknames->9]: user_id = 1e87f65f-a6d7-4949-8ea5-8493bd2e603c
REMOVE e[5][4-User:nicknames->10]: _relationship_type = User:nicknames
REMOVE e[5][4-User:nicknames->10]: nicknames = idrA
REMOVE e[5][4-User:nicknames->10]: user_id = 1e87f65f-a6d7-4949-8ea5-8493bd2e603c
INDEX v[3]: _table = User
INDEX v[3]: id = 290f70ab-6231-4869-b737-b6fc2db53cc6, v[3]
INDEX v[1]: _table = Address
INDEX v[1]: id = b61a5004-d0ab-4dfd-a13c-ce824ef9914f, v[1]
INDEX v[2]: _table = Address
INDEX v[2]: id = 866c7802-6f8f-4036-9b4f-5e86fed19b35, v[2]
INDEX v[4]: _table = User
INDEX v[4]: id = 1e87f65f-a6d7-4949-8ea5-8493bd2e603c, v[4]
INDEX v[1]: _table = Helicopter
INDEX v[1]: UUID = 7eccf55a-21bb-4de4-955b-e84e7135e259
INDEX v[1]: _table = Helicopter
INDEX v[1]: UUID = 7eccf55a-21bb-4de4-955b-e84e7135e259, v[1]
INDEX v[1]: _table = Hero
INDEX v[1]: name = Spartacus
INDEX v[2]: _table = Hero
INDEX v[2]: name = Batman
INDEX v[1]: _table = Hero
INDEX v[1]: name = Spartacus, v[1]
INDEX v[2]: _table = Hero
INDEX v[2]: name = Batman, v[2]
INDEX v[1]: _table = Hypothesis
INDEX v[1]: id = 1234567890
INDEX v[1]: _table = Hypothesis
INDEX v[1]: id = 1234567890, v[1]
INDEX v[2]: _table = Helicopter
INDEX v[2]: UUID = fc854d10-07fa-4220-8711-c322324a8214
INDEX v[2]: _table = Helicopter
INDEX v[2]: UUID = fc854d10-07fa-4220-8711-c322324a8214, v[2]
Exception while dropping schema and database in test
java.lang.RuntimeException: Not testing with Neo4jBlueprints, cannot extract underlying provider
	at org.hibernate.ogm.test.utils.BlueprintsTestHelper.getProvider(BlueprintsTestHelper.java:111)
	at org.hibernate.ogm.test.utils.BlueprintsTestHelper.dropSchemaAndDatabase(BlueprintsTestHelper.java:85)
	at org.hibernate.ogm.test.utils.TestHelper.dropSchemaAndDatabase(TestHelper.java:131)
	at org.hibernate.ogm.test.utils.OgmTestRunner.run(OgmTestRunner.java:98)
	at org.apache.maven.surefire.junit4.JUnit4Provider.execute(JUnit4Provider.java:236)
	at org.apache.maven.surefire.junit4.JUnit4Provider.executeTestSet(JUnit4Provider.java:134)
	at org.apache.maven.surefire.junit4.JUnit4Provider.invoke(JUnit4Provider.java:113)
	at sun.reflect.NativeMethodAccessorImpl.invoke0(Native Method)
	at sun.reflect.NativeMethodAccessorImpl.invoke(NativeMethodAccessorImpl.java:57)
	at sun.reflect.DelegatingMethodAccessorImpl.invoke(DelegatingMethodAccessorImpl.java:43)
	at java.lang.reflect.Method.invoke(Method.java:606)
	at org.apache.maven.surefire.util.ReflectionUtils.invokeMethodWithArray(ReflectionUtils.java:189)
	at org.apache.maven.surefire.booter.ProviderFactory$ProviderProxy.invoke(ProviderFactory.java:165)
	at org.apache.maven.surefire.booter.ProviderFactory.invokeProvider(ProviderFactory.java:85)
	at org.apache.maven.surefire.booter.ForkedBooter.runSuitesInProcess(ForkedBooter.java:103)
	at org.apache.maven.surefire.booter.ForkedBooter.main(ForkedBooter.java:74)
INDEX v[1]: _table = JUG
INDEX v[1]: jug_id = 601c7a2b-ca5e-483d-8c55-6db2b44ea965
INDEX v[2]: _table = Member
INDEX v[2]: member_id = 3f48cc98-90bd-4faa-9bf2-886cdedcea55
INDEX v[3]: _table = Member
INDEX v[3]: member_id = 199ec981-826d-4003-87af-6fe83e95a55d
INDEX v[2]: _table = Member
INDEX v[2]: member_id = 3f48cc98-90bd-4faa-9bf2-886cdedcea55, v[2]
INDEX v[3]: _table = Member
INDEX v[3]: member_id = 199ec981-826d-4003-87af-6fe83e95a55d, v[3]
INDEX v[1]: _table = JUG
INDEX v[1]: jug_id = 601c7a2b-ca5e-483d-8c55-6db2b44ea965, v[1]
INDEX v[4]: _table = SalesForce
INDEX v[4]: id = 08291959-956a-48c1-88bc-61871b8a0836
INDEX e[0][4-SalesForce:salesGuys->5]: _relationship_type = SalesForce:salesGuys
INDEX e[0][4-SalesForce:salesGuys->5]: ogm_id = 6f34fc1d-953f-4bce-a109-7469e7bd438f
INDEX e[0][4-SalesForce:salesGuys->5]: salesForce_id = 08291959-956a-48c1-88bc-61871b8a0836
INDEX v[6]: _table = SalesGuy
INDEX v[6]: id = 6f34fc1d-953f-4bce-a109-7469e7bd438f
INDEX e[1][4-SalesForce:salesGuys->7]: _relationship_type = SalesForce:salesGuys
INDEX e[1][4-SalesForce:salesGuys->7]: ogm_id = 0750935b-bc83-4efa-8509-f2d26389da19
INDEX e[1][4-SalesForce:salesGuys->7]: salesForce_id = 08291959-956a-48c1-88bc-61871b8a0836
INDEX v[8]: _table = SalesGuy
INDEX v[8]: id = 0750935b-bc83-4efa-8509-f2d26389da19
REMOVE e[1][4-SalesForce:salesGuys->7]: _relationship_type = SalesForce:salesGuys
REMOVE e[1][4-SalesForce:salesGuys->7]: ogm_id = 0750935b-bc83-4efa-8509-f2d26389da19
REMOVE e[1][4-SalesForce:salesGuys->7]: salesForce_id = 08291959-956a-48c1-88bc-61871b8a0836
INDEX v[8]: _table = SalesGuy
INDEX v[8]: id = 0750935b-bc83-4efa-8509-f2d26389da19, v[8]
REMOVE e[0][4-SalesForce:salesGuys->5]: _relationship_type = SalesForce:salesGuys
REMOVE e[0][4-SalesForce:salesGuys->5]: ogm_id = 6f34fc1d-953f-4bce-a109-7469e7bd438f
REMOVE e[0][4-SalesForce:salesGuys->5]: salesForce_id = 08291959-956a-48c1-88bc-61871b8a0836
INDEX v[6]: _table = SalesGuy
INDEX v[6]: id = 6f34fc1d-953f-4bce-a109-7469e7bd438f, v[6]
INDEX v[4]: _table = SalesForce
INDEX v[4]: id = 08291959-956a-48c1-88bc-61871b8a0836, v[4]
INDEX v[9]: _table = Brewery
INDEX v[9]: brewery_pk = 17e7561a-ad1d-4d4f-8d78-8a0a640b5b75
INDEX v[10]: _table = Beer
INDEX v[10]: beer_pk = b0498f3f-5510-42ff-9c49-22884db71327
INDEX e[2][9-Brewery:beers->11]: _relationship_type = Brewery:beers
INDEX e[2][9-Brewery:beers->11]: brewery_id = 17e7561a-ad1d-4d4f-8d78-8a0a640b5b75
INDEX e[2][9-Brewery:beers->11]: beer_pk = b0498f3f-5510-42ff-9c49-22884db71327
INDEX v[12]: _table = Beer
INDEX v[12]: beer_pk = ec9b04a1-55f0-4c89-87ee-25d0902d55e4
REMOVE e[2][9-Brewery:beers->11]: _relationship_type = Brewery:beers
REMOVE e[2][9-Brewery:beers->11]: brewery_id = 17e7561a-ad1d-4d4f-8d78-8a0a640b5b75
REMOVE e[2][9-Brewery:beers->11]: beer_pk = b0498f3f-5510-42ff-9c49-22884db71327
INDEX e[3][9-Brewery:beers->13]: _relationship_type = Brewery:beers
INDEX e[3][9-Brewery:beers->13]: brewery_id = 17e7561a-ad1d-4d4f-8d78-8a0a640b5b75
INDEX e[3][9-Brewery:beers->13]: beer_pk = ec9b04a1-55f0-4c89-87ee-25d0902d55e4
INDEX v[10]: _table = Beer
INDEX v[10]: beer_pk = b0498f3f-5510-42ff-9c49-22884db71327, v[10]
REMOVE e[3][9-Brewery:beers->13]: _relationship_type = Brewery:beers
REMOVE e[3][9-Brewery:beers->13]: brewery_id = 17e7561a-ad1d-4d4f-8d78-8a0a640b5b75
REMOVE e[3][9-Brewery:beers->13]: beer_pk = ec9b04a1-55f0-4c89-87ee-25d0902d55e4
INDEX v[12]: _table = Beer
INDEX v[12]: beer_pk = ec9b04a1-55f0-4c89-87ee-25d0902d55e4, v[12]
INDEX v[9]: _table = Brewery
INDEX v[9]: brewery_pk = 17e7561a-ad1d-4d4f-8d78-8a0a640b5b75, v[9]
INDEX v[1]: _table = Child
INDEX v[1]: id = 61e6ebc6-bc2d-4fd7-8fd6-3214f1423b25
INDEX v[2]: _table = Child
INDEX v[2]: id = 59ce3d4f-d529-4e7d-8792-cc5353bd3007
INDEX v[3]: _table = Father
INDEX v[3]: id = 3878800d-a5fd-4b37-879d-7633c03afea1
INDEX e[0][3-Father:orderedChildren->4]: _relationship_type = Father:orderedChildren
INDEX e[0][3-Father:orderedChildren->4]: birthorder = 2
INDEX e[0][3-Father:orderedChildren->4]: Father_id = 3878800d-a5fd-4b37-879d-7633c03afea1
INDEX e[1][3-Father:orderedChildren->5]: _relationship_type = Father:orderedChildren
INDEX e[1][3-Father:orderedChildren->5]: birthorder = 0
INDEX e[1][3-Father:orderedChildren->5]: Father_id = 3878800d-a5fd-4b37-879d-7633c03afea1
REMOVE e[0][3-Father:orderedChildren->4]: _relationship_type = Father:orderedChildren
REMOVE e[0][3-Father:orderedChildren->4]: birthorder = 2
REMOVE e[0][3-Father:orderedChildren->4]: Father_id = 3878800d-a5fd-4b37-879d-7633c03afea1
REMOVE e[1][3-Father:orderedChildren->5]: _relationship_type = Father:orderedChildren
REMOVE e[1][3-Father:orderedChildren->5]: birthorder = 0
REMOVE e[1][3-Father:orderedChildren->5]: Father_id = 3878800d-a5fd-4b37-879d-7633c03afea1
INDEX v[3]: _table = Father
INDEX v[3]: id = 3878800d-a5fd-4b37-879d-7633c03afea1, v[3]
INDEX v[1]: _table = Child
INDEX v[1]: id = 61e6ebc6-bc2d-4fd7-8fd6-3214f1423b25, v[1]
INDEX v[2]: _table = Child
INDEX v[2]: id = 59ce3d4f-d529-4e7d-8792-cc5353bd3007, v[2]
INDEX v[1]: _table = Address
INDEX v[1]: id = 20cdac53-21b7-4c9e-9c54-d5165350d685
INDEX v[2]: _table = Address
INDEX v[2]: id = ba4095eb-3e72-4f48-aca7-e270c7f531d2
INDEX v[3]: _table = User
INDEX v[3]: id = ab26d9f4-9fb6-40b6-94c1-f792e356e9c8
INDEX v[4]: _table = User
INDEX v[4]: id = de7cf7ae-a396-4bd8-b538-72884666ee5b
INDEX e[0][3-User:addresses->5]: _relationship_type = User:addresses
INDEX e[0][3-User:addresses->5]: nick = home
INDEX e[0][3-User:addresses->5]: User_id = ab26d9f4-9fb6-40b6-94c1-f792e356e9c8
INDEX e[1][3-User:addresses->6]: _relationship_type = User:addresses
INDEX e[1][3-User:addresses->6]: nick = work
INDEX e[1][3-User:addresses->6]: User_id = ab26d9f4-9fb6-40b6-94c1-f792e356e9c8
INDEX e[2][3-User:nicknames->7]: _relationship_type = User:nicknames
INDEX e[2][3-User:nicknames->7]: nicknames = day[9]
INDEX e[2][3-User:nicknames->7]: user_id = ab26d9f4-9fb6-40b6-94c1-f792e356e9c8
INDEX e[3][3-User:nicknames->8]: _relationship_type = User:nicknames
INDEX e[3][3-User:nicknames->8]: nicknames = idrA
INDEX e[3][3-User:nicknames->8]: user_id = ab26d9f4-9fb6-40b6-94c1-f792e356e9c8
INDEX e[4][4-User:nicknames->9]: _relationship_type = User:nicknames
INDEX e[4][4-User:nicknames->9]: nicknames = idrA
INDEX e[4][4-User:nicknames->9]: user_id = de7cf7ae-a396-4bd8-b538-72884666ee5b
INDEX e[5][4-User:nicknames->10]: _relationship_type = User:nicknames
INDEX e[5][4-User:nicknames->10]: nicknames = day[9]
INDEX e[5][4-User:nicknames->10]: user_id = de7cf7ae-a396-4bd8-b538-72884666ee5b
REMOVE e[3][3-User:nicknames->8]: _relationship_type = User:nicknames
REMOVE e[3][3-User:nicknames->8]: nicknames = idrA
REMOVE e[3][3-User:nicknames->8]: user_id = ab26d9f4-9fb6-40b6-94c1-f792e356e9c8
REMOVE e[0][3-User:addresses->5]: _relationship_type = User:addresses
REMOVE e[0][3-User:addresses->5]: nick = home
REMOVE e[0][3-User:addresses->5]: User_id = ab26d9f4-9fb6-40b6-94c1-f792e356e9c8
REMOVE e[1][3-User:addresses->6]: _relationship_type = User:addresses
REMOVE e[1][3-User:addresses->6]: nick = work
REMOVE e[1][3-User:addresses->6]: User_id = ab26d9f4-9fb6-40b6-94c1-f792e356e9c8
REMOVE e[2][3-User:nicknames->7]: _relationship_type = User:nicknames
REMOVE e[2][3-User:nicknames->7]: nicknames = day[9]
REMOVE e[2][3-User:nicknames->7]: user_id = ab26d9f4-9fb6-40b6-94c1-f792e356e9c8
REMOVE e[4][4-User:nicknames->9]: _relationship_type = User:nicknames
REMOVE e[4][4-User:nicknames->9]: nicknames = idrA
REMOVE e[4][4-User:nicknames->9]: user_id = de7cf7ae-a396-4bd8-b538-72884666ee5b
REMOVE e[5][4-User:nicknames->10]: _relationship_type = User:nicknames
REMOVE e[5][4-User:nicknames->10]: nicknames = day[9]
REMOVE e[5][4-User:nicknames->10]: user_id = de7cf7ae-a396-4bd8-b538-72884666ee5b
INDEX v[3]: _table = User
INDEX v[3]: id = ab26d9f4-9fb6-40b6-94c1-f792e356e9c8, v[3]
INDEX v[1]: _table = Address
INDEX v[1]: id = 20cdac53-21b7-4c9e-9c54-d5165350d685, v[1]
INDEX v[2]: _table = Address
INDEX v[2]: id = ba4095eb-3e72-4f48-aca7-e270c7f531d2, v[2]
INDEX v[4]: _table = User
INDEX v[4]: id = de7cf7ae-a396-4bd8-b538-72884666ee5b, v[4]
INDEX v[1]: _table = SnowFlake
INDEX v[1]: id = ca4aadbc-7e72-4ee1-93b3-daa76a0bc77c
INDEX v[2]: _table = SnowFlake
INDEX v[2]: id = d6c2174d-8fb8-4734-80ac-9afee2cace7c
INDEX v[3]: _table = Cloud
INDEX v[3]: id = 2c55b402-14cb-41e4-a9e8-b3f07f22abff
INDEX e[0][3-Cloud:producedSnowFlakes->4]: _relationship_type = Cloud:producedSnowFlakes
INDEX e[0][3-Cloud:producedSnowFlakes->4]: Cloud_id = 2c55b402-14cb-41e4-a9e8-b3f07f22abff
INDEX e[0][3-Cloud:producedSnowFlakes->4]: producedSnowFlakes_id = d6c2174d-8fb8-4734-80ac-9afee2cace7c
INDEX e[1][3-Cloud:producedSnowFlakes->5]: _relationship_type = Cloud:producedSnowFlakes
INDEX e[1][3-Cloud:producedSnowFlakes->5]: Cloud_id = 2c55b402-14cb-41e4-a9e8-b3f07f22abff
INDEX e[1][3-Cloud:producedSnowFlakes->5]: producedSnowFlakes_id = ca4aadbc-7e72-4ee1-93b3-daa76a0bc77c
INDEX v[1]: _table = AccountOwner
INDEX v[1]: id = ebbd8a6d-98e0-42af-98d5-ca581baa171c
INDEX v[2]: _table = BankAccount
INDEX v[2]: id = 89ddfbeb-6d57-4d1e-8962-27072ff7ab52
INDEX e[0][2-BankAccount:owners->3]: _relationship_type = BankAccount:owners
INDEX e[0][2-BankAccount:owners->3]: bankAccounts_id = 89ddfbeb-6d57-4d1e-8962-27072ff7ab52
INDEX e[0][2-BankAccount:owners->3]: owners_id = ebbd8a6d-98e0-42af-98d5-ca581baa171c
INDEX e[1][1-AccountOwner:bankAccounts->4]: _relationship_type = AccountOwner:bankAccounts
INDEX e[1][1-AccountOwner:bankAccounts->4]: bankAccounts_id = 89ddfbeb-6d57-4d1e-8962-27072ff7ab52
INDEX e[1][1-AccountOwner:bankAccounts->4]: owners_id = ebbd8a6d-98e0-42af-98d5-ca581baa171c
INDEX v[5]: _table = BankAccount
INDEX v[5]: id = 6320c383-05ba-4cc1-98f9-b5ebad44fe53
REMOVE e[0][2-BankAccount:owners->3]: _relationship_type = BankAccount:owners
REMOVE e[0][2-BankAccount:owners->3]: bankAccounts_id = 89ddfbeb-6d57-4d1e-8962-27072ff7ab52
REMOVE e[0][2-BankAccount:owners->3]: owners_id = ebbd8a6d-98e0-42af-98d5-ca581baa171c
REMOVE e[1][1-AccountOwner:bankAccounts->4]: _relationship_type = AccountOwner:bankAccounts
REMOVE e[1][1-AccountOwner:bankAccounts->4]: bankAccounts_id = 89ddfbeb-6d57-4d1e-8962-27072ff7ab52
REMOVE e[1][1-AccountOwner:bankAccounts->4]: owners_id = ebbd8a6d-98e0-42af-98d5-ca581baa171c
INDEX e[2][5-BankAccount:owners->6]: _relationship_type = BankAccount:owners
INDEX e[2][5-BankAccount:owners->6]: bankAccounts_id = 6320c383-05ba-4cc1-98f9-b5ebad44fe53
INDEX e[2][5-BankAccount:owners->6]: owners_id = ebbd8a6d-98e0-42af-98d5-ca581baa171c
INDEX e[3][1-AccountOwner:bankAccounts->7]: _relationship_type = AccountOwner:bankAccounts
INDEX e[3][1-AccountOwner:bankAccounts->7]: bankAccounts_id = 6320c383-05ba-4cc1-98f9-b5ebad44fe53
INDEX e[3][1-AccountOwner:bankAccounts->7]: owners_id = ebbd8a6d-98e0-42af-98d5-ca581baa171c
INDEX v[2]: _table = BankAccount
INDEX v[2]: id = 89ddfbeb-6d57-4d1e-8962-27072ff7ab52, v[2]
REMOVE e[2][5-BankAccount:owners->6]: _relationship_type = BankAccount:owners
REMOVE e[2][5-BankAccount:owners->6]: bankAccounts_id = 6320c383-05ba-4cc1-98f9-b5ebad44fe53
REMOVE e[2][5-BankAccount:owners->6]: owners_id = ebbd8a6d-98e0-42af-98d5-ca581baa171c
REMOVE e[3][1-AccountOwner:bankAccounts->7]: _relationship_type = AccountOwner:bankAccounts
REMOVE e[3][1-AccountOwner:bankAccounts->7]: bankAccounts_id = 6320c383-05ba-4cc1-98f9-b5ebad44fe53
REMOVE e[3][1-AccountOwner:bankAccounts->7]: owners_id = ebbd8a6d-98e0-42af-98d5-ca581baa171c
INDEX v[5]: _table = BankAccount
INDEX v[5]: id = 6320c383-05ba-4cc1-98f9-b5ebad44fe53, v[5]
INDEX v[1]: _table = AccountOwner
INDEX v[1]: id = ebbd8a6d-98e0-42af-98d5-ca581baa171c, v[1]
INDEX v[1]: _table = Horse
INDEX v[1]: id = afae98c9-b37b-4bf8-a30c-c690f32e7dd1
INDEX v[2]: _table = Cavalier
INDEX v[2]: id = eb603e7e-935f-449e-9295-7efdffa41481
INDEX v[2]: _table = Cavalier
INDEX v[2]: id = eb603e7e-935f-449e-9295-7efdffa41481, v[2]
INDEX v[1]: _table = Horse
INDEX v[1]: id = afae98c9-b37b-4bf8-a30c-c690f32e7dd1, v[1]
INDEX v[3]: _table = Vehicule
INDEX v[3]: id = 971225b2-1ee9-42d1-9c8a-c79b17ad950b
INDEX v[4]: _table = Wheel
INDEX v[4]: vehicule_id = 971225b2-1ee9-42d1-9c8a-c79b17ad950b
INDEX v[4]: _table = Wheel
INDEX v[4]: vehicule_id = 971225b2-1ee9-42d1-9c8a-c79b17ad950b, v[4]
INDEX v[3]: _table = Vehicule
INDEX v[3]: id = 971225b2-1ee9-42d1-9c8a-c79b17ad950b, v[3]
INDEX v[5]: _table = Husband
INDEX v[5]: id = d1ec1169-6637-424e-a796-6d7cd3b6ada8
INDEX v[6]: _table = Wife
INDEX v[6]: id = 77f923ac-ec29-4172-a2b5-ba69acbfef8d
INDEX e[0][6-Wife:husband->7]: _relationship_type = Wife:husband
INDEX e[0][6-Wife:husband->7]: wife = 77f923ac-ec29-4172-a2b5-ba69acbfef8d
INDEX e[0][6-Wife:husband->7]: ogm_id = d1ec1169-6637-424e-a796-6d7cd3b6ada8
INDEX v[8]: _table = Wife
INDEX v[8]: id = 8da768ac-d850-4444-ac87-7441e69650ff
REMOVE e[0][6-Wife:husband->7]: _relationship_type = Wife:husband
REMOVE e[0][6-Wife:husband->7]: wife = 77f923ac-ec29-4172-a2b5-ba69acbfef8d
REMOVE e[0][6-Wife:husband->7]: ogm_id = d1ec1169-6637-424e-a796-6d7cd3b6ada8
INDEX e[1][8-Wife:husband->9]: _relationship_type = Wife:husband
INDEX e[1][8-Wife:husband->9]: wife = 8da768ac-d850-4444-ac87-7441e69650ff
INDEX e[1][8-Wife:husband->9]: ogm_id = d1ec1169-6637-424e-a796-6d7cd3b6ada8
INDEX v[6]: _table = Wife
INDEX v[6]: id = 77f923ac-ec29-4172-a2b5-ba69acbfef8d, v[6]
REMOVE e[1][8-Wife:husband->9]: _relationship_type = Wife:husband
REMOVE e[1][8-Wife:husband->9]: wife = 8da768ac-d850-4444-ac87-7441e69650ff
REMOVE e[1][8-Wife:husband->9]: ogm_id = d1ec1169-6637-424e-a796-6d7cd3b6ada8
INDEX v[5]: _table = Husband
INDEX v[5]: id = d1ec1169-6637-424e-a796-6d7cd3b6ada8, v[5]
INDEX v[8]: _table = Wife
INDEX v[8]: id = 8da768ac-d850-4444-ac87-7441e69650ff, v[8]
INDEX v[1]: _table = Feeling
INDEX v[1]: UUID = 3b14275f-9c91-4c0d-8f15-6d6892bfda0c
Using /home/ddalto/workspace/projects/hibernate-ogm/blueprints-neo4j/target/indextemp as index directory.
INDEX v[1]: _table = IndexedNews
INDEX v[1]: newsId.author = author
INDEX v[1]: newsId.title = title
Using /home/ddalto/workspace/projects/hibernate-ogm/blueprints-neo4j/target/indextemp as index directory.
INDEX v[2]: _table = Insurance
INDEX v[2]: id = 70ae3cb8-744b-4977-8d71-f5276e7297a5
Using /home/ddalto/workspace/projects/hibernate-ogm/blueprints-neo4j/target/indextemp as index directory.
Using /home/ddalto/workspace/projects/hibernate-ogm/blueprints-neo4j/target/indextemp as index directory.
INDEX v[2]: _table = IndexedNews
INDEX v[2]: newsId.author = author
INDEX v[2]: newsId.title = title
INDEX v[3]: _table = IndexedLabel
INDEX v[3]: id = 1
INDEX v[4]: _table = IndexedLabel
INDEX v[4]: id = 2
INDEX e[0][2-IndexedNews:labels->5]: _relationship_type = IndexedNews:labels
INDEX e[0][2-IndexedNews:labels->5]: news_author_fk = author
INDEX e[0][2-IndexedNews:labels->5]: ogm_id = 2
INDEX e[0][2-IndexedNews:labels->5]: news_topic_fk = title
INDEX e[1][2-IndexedNews:labels->6]: _relationship_type = IndexedNews:labels
INDEX e[1][2-IndexedNews:labels->6]: news_author_fk = author
INDEX e[1][2-IndexedNews:labels->6]: ogm_id = 1
INDEX e[1][2-IndexedNews:labels->6]: news_topic_fk = title
INDEX v[1]: _table = Poem
INDEX v[1]: id = 1933d557-0623-4ce2-824b-a4b902a42000
INDEX v[1]: _table = Poem
INDEX v[1]: id = 6b2d7163-9a2c-4a61-9217-a26eceb0c4f1
Skipping test testJTAStandalone as the current GridDialect doesn't support transactions
INDEX v[1]: _table = Account
INDEX v[1]: login = emmanuel
INDEX v[1]: _table = Account
INDEX v[1]: login = emmanuel, v[1]
INDEX v[0]: _table = Insurance
INDEX v[0]: id = 14eb0d04-d697-4ae3-8944-d360126fd1a4
INDEX v[1]: _table = Insurance
INDEX v[1]: id = 13b6b51a-fd43-4b72-99cb-e90e86d31b46
INDEX v[1]: _table = Insurance
INDEX v[1]: id = 76b4bdd2-97b2-4b38-95c6-8a86063a5657
INDEX v[1]: _table = Insurance
INDEX v[1]: id = 76b4bdd2-97b2-4b38-95c6-8a86063a5657, v[1]
INDEX v[3]: _table = Song
INDEX v[3]: id = 2
INDEX v[4]: _table = Song
INDEX v[4]: id = 3
INDEX v[5]: _table = Actor
INDEX v[5]: id = 1
INDEX v[6]: _table = Actor
INDEX v[6]: id = 2
INDEX v[2]: _table = DistributedRevisionControl
INDEX v[2]: id = 1
INDEX v[3]: _table = DistributedRevisionControl
INDEX v[3]: id = 2
INDEX v[3]: _table = Music
INDEX v[3]: id = 1
INDEX v[4]: _table = Video
INDEX v[4]: id = 1
INDEX v[2]: _table = News
INDEX v[2]: newsId.author = Guillaume
INDEX v[2]: newsId.title = How to use Hibernate OGM ?
INDEX v[3]: _table = Label
INDEX v[3]: id = 1
INDEX v[4]: _table = Label
INDEX v[4]: id = 2
INDEX v[5]: _table = News
INDEX v[5]: newsId.author = Guillaume
INDEX v[5]: newsId.title = What is a JUG ?
INDEX v[6]: _table = Label
INDEX v[6]: id = 3
INDEX v[7]: _table = Label
INDEX v[7]: id = 4
INDEX v[8]: _table = News
INDEX v[8]: newsId.author = Guillaume
INDEX v[8]: newsId.title = There are more than 20 JUGs in France
INDEX v[9]: _table = Label
INDEX v[9]: id = 5
INDEX e[0][2-News:labels->10]: _relationship_type = News:labels
INDEX e[0][2-News:labels->10]: news_author_fk = Guillaume
INDEX e[0][2-News:labels->10]: ogm_id = 2
INDEX e[0][2-News:labels->10]: news_topic_fk = How to use Hibernate OGM ?
INDEX e[1][2-News:labels->11]: _relationship_type = News:labels
INDEX e[1][2-News:labels->11]: news_author_fk = Guillaume
INDEX e[1][2-News:labels->11]: ogm_id = 1
INDEX e[1][2-News:labels->11]: news_topic_fk = How to use Hibernate OGM ?
INDEX e[2][5-News:labels->12]: _relationship_type = News:labels
INDEX e[2][5-News:labels->12]: news_author_fk = Guillaume
INDEX e[2][5-News:labels->12]: ogm_id = 3
INDEX e[2][5-News:labels->12]: news_topic_fk = What is a JUG ?
INDEX e[3][5-News:labels->13]: _relationship_type = News:labels
INDEX e[3][5-News:labels->13]: news_author_fk = Guillaume
INDEX e[3][5-News:labels->13]: ogm_id = 4
INDEX e[3][5-News:labels->13]: news_topic_fk = What is a JUG ?
INDEX e[4][8-News:labels->14]: _relationship_type = News:labels
INDEX e[4][8-News:labels->14]: news_author_fk = Guillaume
INDEX e[4][8-News:labels->14]: ogm_id = 5
INDEX e[4][8-News:labels->14]: news_topic_fk = There are more than 20 JUGs in France
INDEX v[2]: _table = Animal
INDEX v[2]: id = 1
INDEX v[3]: _table = Animal
INDEX v[3]: id = 2
User ID created: -2341245183180634090
INDEX v[1]: _table = Bookmark
INDEX v[1]: id = 42
INDEX v[1]: _table = Bookmark
INDEX v[1]: id = 42, v[1]
INDEX v[2]: _table = Bookmark
INDEX v[2]: id = 42
INDEX v[2]: _table = Bookmark
INDEX v[2]: id = 42, v[2]
Exception while dropping schema and database in test
java.lang.RuntimeException: Not testing with Neo4jBlueprints, cannot extract underlying provider
	at org.hibernate.ogm.test.utils.BlueprintsTestHelper.getProvider(BlueprintsTestHelper.java:111)
	at org.hibernate.ogm.test.utils.BlueprintsTestHelper.dropSchemaAndDatabase(BlueprintsTestHelper.java:85)
	at org.hibernate.ogm.test.utils.TestHelper.dropSchemaAndDatabase(TestHelper.java:131)
	at org.hibernate.ogm.test.utils.TestHelper.dropSchemaAndDatabase(TestHelper.java:124)
	at org.hibernate.ogm.test.type.TypeOverridingInDialectTest.testOverriddenTypeInDialect(TypeOverridingInDialectTest.java:81)
	at sun.reflect.NativeMethodAccessorImpl.invoke0(Native Method)
	at sun.reflect.NativeMethodAccessorImpl.invoke(NativeMethodAccessorImpl.java:57)
	at sun.reflect.DelegatingMethodAccessorImpl.invoke(DelegatingMethodAccessorImpl.java:43)
	at java.lang.reflect.Method.invoke(Method.java:606)
	at org.junit.runners.model.FrameworkMethod$1.runReflectiveCall(FrameworkMethod.java:45)
	at org.junit.internal.runners.model.ReflectiveCallable.run(ReflectiveCallable.java:15)
	at org.junit.runners.model.FrameworkMethod.invokeExplosively(FrameworkMethod.java:42)
	at org.junit.internal.runners.statements.InvokeMethod.evaluate(InvokeMethod.java:20)
	at org.junit.rules.ExternalResource$1.evaluate(ExternalResource.java:46)
	at org.junit.rules.RunRules.evaluate(RunRules.java:18)
	at org.junit.runners.ParentRunner.runLeaf(ParentRunner.java:263)
	at org.junit.runners.BlockJUnit4ClassRunner.runChild(BlockJUnit4ClassRunner.java:68)
	at org.junit.runners.BlockJUnit4ClassRunner.runChild(BlockJUnit4ClassRunner.java:47)
	at org.junit.runners.ParentRunner$3.run(ParentRunner.java:231)
	at org.junit.runners.ParentRunner$1.schedule(ParentRunner.java:60)
	at org.junit.runners.ParentRunner.runChildren(ParentRunner.java:229)
	at org.junit.runners.ParentRunner.access$000(ParentRunner.java:50)
	at org.junit.runners.ParentRunner$2.evaluate(ParentRunner.java:222)
	at org.junit.runners.ParentRunner.run(ParentRunner.java:300)
	at org.apache.maven.surefire.junit4.JUnit4Provider.execute(JUnit4Provider.java:236)
	at org.apache.maven.surefire.junit4.JUnit4Provider.executeTestSet(JUnit4Provider.java:134)
	at org.apache.maven.surefire.junit4.JUnit4Provider.invoke(JUnit4Provider.java:113)
	at sun.reflect.NativeMethodAccessorImpl.invoke0(Native Method)
	at sun.reflect.NativeMethodAccessorImpl.invoke(NativeMethodAccessorImpl.java:57)
	at sun.reflect.DelegatingMethodAccessorImpl.invoke(DelegatingMethodAccessorImpl.java:43)
	at java.lang.reflect.Method.invoke(Method.java:606)
	at org.apache.maven.surefire.util.ReflectionUtils.invokeMethodWithArray(ReflectionUtils.java:189)
	at org.apache.maven.surefire.booter.ProviderFactory$ProviderProxy.invoke(ProviderFactory.java:165)
	at org.apache.maven.surefire.booter.ProviderFactory.invokeProvider(ProviderFactory.java:85)
	at org.apache.maven.surefire.booter.ForkedBooter.runSuitesInProcess(ForkedBooter.java:103)
	at org.apache.maven.surefire.booter.ForkedBooter.main(ForkedBooter.java:74)
